mode: set
tunnel/osm15/keystore.go:46.72,80.2 18 1
tunnel/osm15/keystore.go:82.71,84.58 2 1
tunnel/osm15/keystore.go:84.58,86.3 1 0
tunnel/osm15/keystore.go:88.2,98.16 8 1
tunnel/osm15/keystore.go:98.16,100.3 1 1
tunnel/osm15/keystore.go:102.2,102.53 1 1
tunnel/osm15/osm15.go:35.53,41.2 1 1
tunnel/osm15/osm15.go:48.52,49.23 1 1
tunnel/osm15/osm15.go:49.23,51.3 1 0
tunnel/osm15/osm15.go:54.2,61.16 3 1
tunnel/osm15/osm15.go:61.16,61.35 1 0
tunnel/osm15/osm15.go:63.2,64.16 2 1
tunnel/osm15/osm15.go:64.16,64.35 1 0
tunnel/osm15/osm15.go:66.2,78.21 5 1
tunnel/osm15/osm15.go:81.111,89.33 6 1
tunnel/osm15/osm15.go:89.33,92.17 3 1
tunnel/osm15/osm15.go:92.17,92.36 1 0
tunnel/osm15/osm15.go:93.3,93.24 1 1
tunnel/osm15/osm15.go:96.2,97.26 2 1
tunnel/osm15/osm15.go:100.102,101.39 1 1
tunnel/osm15/osm15.go:101.39,104.33 3 1
tunnel/osm15/osm15.go:104.33,106.4 1 0
tunnel/osm15/osm15.go:107.3,108.33 2 1
tunnel/osm15/osm15.go:108.33,110.18 2 1
tunnel/osm15/osm15.go:110.18,110.37 1 0
tunnel/osm15/osm15.go:111.4,111.22 1 1
tunnel/osm15/osm15.go:113.3,114.22 2 1
tunnel/osm15/osm15.go:117.2,117.34 1 1
tunnel/osm15/osm15.go:117.34,120.3 2 1
tunnel/osm15/osm15.go:122.2,123.18 2 1
tunnel/osm15/osm15.go:124.16,127.19 3 1
tunnel/osm15/osm15.go:128.17,130.19 2 1
tunnel/osm15/osm15.go:131.35,132.42 1 1
tunnel/osm15/osm15.go:133.10,134.32 1 0
tunnel/osm15/osm15.go:136.2,137.18 2 1
tunnel/osm15/osm15.go:140.76,143.32 3 1
tunnel/osm15/osm15.go:143.32,144.25 1 1
tunnel/osm15/osm15.go:144.25,144.53 1 1
tunnel/osm15/osm15.go:146.2,149.27 4 1
tunnel/osm15/osm15.go:149.27,151.3 1 1
tunnel/osm15/osm15.go:152.2,152.20 1 1
tunnel/osm15/osm15.go:155.114,156.24 1 1
tunnel/osm15/osm15.go:156.24,156.40 1 0
tunnel/osm15/osm15.go:157.2,157.38 1 1
tunnel/osm15/osm15.go:157.38,157.54 1 1
tunnel/osm15/osm15.go:158.2,159.44 2 1
tunnel/osm15/osm15.go:159.44,162.3 2 1
tunnel/osm15/osm15.go:163.2,163.14 1 1
tunnel/osm15/osm15.go:166.73,170.37 4 1
tunnel/osm15/osm15.go:170.37,171.12 1 1
tunnel/osm15/osm15.go:171.12,171.35 1 1
tunnel/osm15/osm15.go:172.3,172.65 1 1
tunnel/osm15/osm15.go:174.2,175.20 2 1
tunnel/osm15/osm15.go:178.74,180.16 2 1
tunnel/osm15/osm15.go:180.16,180.34 1 0
tunnel/osm15/osm15.go:181.2,184.52 4 1
tunnel/osm15/osm15.go:187.94,189.16 2 1
tunnel/osm15/osm15.go:189.16,189.37 1 0
tunnel/osm15/osm15.go:190.2,192.45 3 1
tunnel/osm15/osm15.go:195.50,198.2 2 1
tunnel/osm15/osm15.go:200.69,206.2 2 1
tunnel/osm15/osm15.go:208.76,210.62 2 1
tunnel/osm15/osm15.go:210.62,212.3 1 0
tunnel/osm15/osm15.go:213.2,213.71 1 1
tunnel/osm15/osm15.go:216.97,218.16 2 1
tunnel/osm15/osm15.go:218.16,218.34 1 0
tunnel/osm15/osm15.go:219.2,219.12 1 1
tunnel/osm15/osm15.go:219.12,219.58 1 1
tunnel/osm15/osm15.go:221.2,222.36 2 1
tunnel/osm15/osm15.go:225.53,232.2 5 1
tunnel/osm15/osm15.go:234.48,236.19 2 1
tunnel/osm15/osm15.go:236.19,238.6 1 0
tunnel/osm15/osm15.go:240.5,243.38 3 1
